<?xml version="1.0" encoding="UTF-8"?>
<testsuite xmlns:xsi="http://www.w3.org/2001/XMLSchema-instance" xsi:noNamespaceSchemaLocation="https://maven.apache.org/surefire/maven-surefire-plugin/xsd/surefire-test-report.xsd" name="com.itau.pix.dto.CpfDtoTest" time="0.03" tests="2" errors="0" skipped="0" failures="0">
  <properties>
    <property name="java.specification.version" value="17"/>
    <property name="sun.jnu.encoding" value="UTF-8"/>
    <property name="java.class.path" value="/home/pedrocruz/git-repo/itau-pix/pix-core/target/test-classes:/home/pedrocruz/git-repo/itau-pix/pix-core/target/classes:/home/pedrocruz/.m2/repository/org/springframework/boot/spring-boot-starter-data-jpa/2.7.5/spring-boot-starter-data-jpa-2.7.5.jar:/home/pedrocruz/.m2/repository/org/springframework/boot/spring-boot-starter-aop/2.7.5/spring-boot-starter-aop-2.7.5.jar:/home/pedrocruz/.m2/repository/org/springframework/spring-aop/5.3.23/spring-aop-5.3.23.jar:/home/pedrocruz/.m2/repository/org/aspectj/aspectjweaver/1.9.7/aspectjweaver-1.9.7.jar:/home/pedrocruz/.m2/repository/org/springframework/boot/spring-boot-starter-jdbc/2.7.5/spring-boot-starter-jdbc-2.7.5.jar:/home/pedrocruz/.m2/repository/com/zaxxer/HikariCP/4.0.3/HikariCP-4.0.3.jar:/home/pedrocruz/.m2/repository/org/springframework/spring-jdbc/5.3.23/spring-jdbc-5.3.23.jar:/home/pedrocruz/.m2/repository/jakarta/transaction/jakarta.transaction-api/1.3.3/jakarta.transaction-api-1.3.3.jar:/home/pedrocruz/.m2/repository/jakarta/persistence/jakarta.persistence-api/2.2.3/jakarta.persistence-api-2.2.3.jar:/home/pedrocruz/.m2/repository/org/hibernate/hibernate-core/5.6.12.Final/hibernate-core-5.6.12.Final.jar:/home/pedrocruz/.m2/repository/org/jboss/logging/jboss-logging/3.4.3.Final/jboss-logging-3.4.3.Final.jar:/home/pedrocruz/.m2/repository/net/bytebuddy/byte-buddy/1.12.18/byte-buddy-1.12.18.jar:/home/pedrocruz/.m2/repository/antlr/antlr/2.7.7/antlr-2.7.7.jar:/home/pedrocruz/.m2/repository/org/jboss/jandex/2.4.2.Final/jandex-2.4.2.Final.jar:/home/pedrocruz/.m2/repository/com/fasterxml/classmate/1.5.1/classmate-1.5.1.jar:/home/pedrocruz/.m2/repository/org/hibernate/common/hibernate-commons-annotations/5.1.2.Final/hibernate-commons-annotations-5.1.2.Final.jar:/home/pedrocruz/.m2/repository/org/glassfish/jaxb/jaxb-runtime/2.3.7/jaxb-runtime-2.3.7.jar:/home/pedrocruz/.m2/repository/org/glassfish/jaxb/txw2/2.3.7/txw2-2.3.7.jar:/home/pedrocruz/.m2/repository/com/sun/istack/istack-commons-runtime/3.0.12/istack-commons-runtime-3.0.12.jar:/home/pedrocruz/.m2/repository/com/sun/activation/jakarta.activation/1.2.2/jakarta.activation-1.2.2.jar:/home/pedrocruz/.m2/repository/org/springframework/data/spring-data-jpa/2.7.5/spring-data-jpa-2.7.5.jar:/home/pedrocruz/.m2/repository/org/springframework/data/spring-data-commons/2.7.5/spring-data-commons-2.7.5.jar:/home/pedrocruz/.m2/repository/org/springframework/spring-orm/5.3.23/spring-orm-5.3.23.jar:/home/pedrocruz/.m2/repository/org/springframework/spring-context/5.3.23/spring-context-5.3.23.jar:/home/pedrocruz/.m2/repository/org/springframework/spring-expression/5.3.23/spring-expression-5.3.23.jar:/home/pedrocruz/.m2/repository/org/springframework/spring-tx/5.3.23/spring-tx-5.3.23.jar:/home/pedrocruz/.m2/repository/org/springframework/spring-beans/5.3.23/spring-beans-5.3.23.jar:/home/pedrocruz/.m2/repository/org/springframework/spring-aspects/5.3.23/spring-aspects-5.3.23.jar:/home/pedrocruz/.m2/repository/org/springframework/boot/spring-boot-starter-validation/2.7.5/spring-boot-starter-validation-2.7.5.jar:/home/pedrocruz/.m2/repository/org/springframework/boot/spring-boot-starter/2.7.5/spring-boot-starter-2.7.5.jar:/home/pedrocruz/.m2/repository/org/springframework/boot/spring-boot/2.7.5/spring-boot-2.7.5.jar:/home/pedrocruz/.m2/repository/org/springframework/boot/spring-boot-autoconfigure/2.7.5/spring-boot-autoconfigure-2.7.5.jar:/home/pedrocruz/.m2/repository/org/springframework/boot/spring-boot-starter-logging/2.7.5/spring-boot-starter-logging-2.7.5.jar:/home/pedrocruz/.m2/repository/ch/qos/logback/logback-classic/1.2.11/logback-classic-1.2.11.jar:/home/pedrocruz/.m2/repository/ch/qos/logback/logback-core/1.2.11/logback-core-1.2.11.jar:/home/pedrocruz/.m2/repository/org/apache/logging/log4j/log4j-to-slf4j/2.17.2/log4j-to-slf4j-2.17.2.jar:/home/pedrocruz/.m2/repository/org/apache/logging/log4j/log4j-api/2.17.2/log4j-api-2.17.2.jar:/home/pedrocruz/.m2/repository/org/slf4j/jul-to-slf4j/1.7.36/jul-to-slf4j-1.7.36.jar:/home/pedrocruz/.m2/repository/jakarta/annotation/jakarta.annotation-api/1.3.5/jakarta.annotation-api-1.3.5.jar:/home/pedrocruz/.m2/repository/org/yaml/snakeyaml/1.30/snakeyaml-1.30.jar:/home/pedrocruz/.m2/repository/org/apache/tomcat/embed/tomcat-embed-el/9.0.68/tomcat-embed-el-9.0.68.jar:/home/pedrocruz/.m2/repository/org/hibernate/validator/hibernate-validator/6.2.5.Final/hibernate-validator-6.2.5.Final.jar:/home/pedrocruz/.m2/repository/jakarta/validation/jakarta.validation-api/2.0.2/jakarta.validation-api-2.0.2.jar:/home/pedrocruz/.m2/repository/org/springframework/data/spring-data-envers/2.7.5/spring-data-envers-2.7.5.jar:/home/pedrocruz/.m2/repository/org/hibernate/hibernate-envers/5.6.12.Final/hibernate-envers-5.6.12.Final.jar:/home/pedrocruz/.m2/repository/org/dom4j/dom4j/2.1.3/dom4j-2.1.3.jar:/home/pedrocruz/.m2/repository/joda-time/joda-time/2.10.14/joda-time-2.10.14.jar:/home/pedrocruz/.m2/repository/org/slf4j/slf4j-api/1.7.36/slf4j-api-1.7.36.jar:/home/pedrocruz/.m2/repository/org/springframework/boot/spring-boot-starter-test/2.7.5/spring-boot-starter-test-2.7.5.jar:/home/pedrocruz/.m2/repository/org/springframework/boot/spring-boot-test/2.7.5/spring-boot-test-2.7.5.jar:/home/pedrocruz/.m2/repository/org/springframework/boot/spring-boot-test-autoconfigure/2.7.5/spring-boot-test-autoconfigure-2.7.5.jar:/home/pedrocruz/.m2/repository/com/jayway/jsonpath/json-path/2.7.0/json-path-2.7.0.jar:/home/pedrocruz/.m2/repository/net/minidev/json-smart/2.4.8/json-smart-2.4.8.jar:/home/pedrocruz/.m2/repository/net/minidev/accessors-smart/2.4.8/accessors-smart-2.4.8.jar:/home/pedrocruz/.m2/repository/org/ow2/asm/asm/9.1/asm-9.1.jar:/home/pedrocruz/.m2/repository/jakarta/xml/bind/jakarta.xml.bind-api/2.3.3/jakarta.xml.bind-api-2.3.3.jar:/home/pedrocruz/.m2/repository/jakarta/activation/jakarta.activation-api/1.2.2/jakarta.activation-api-1.2.2.jar:/home/pedrocruz/.m2/repository/org/assertj/assertj-core/3.22.0/assertj-core-3.22.0.jar:/home/pedrocruz/.m2/repository/org/hamcrest/hamcrest/2.2/hamcrest-2.2.jar:/home/pedrocruz/.m2/repository/org/junit/jupiter/junit-jupiter/5.8.2/junit-jupiter-5.8.2.jar:/home/pedrocruz/.m2/repository/org/junit/jupiter/junit-jupiter-api/5.8.2/junit-jupiter-api-5.8.2.jar:/home/pedrocruz/.m2/repository/org/opentest4j/opentest4j/1.2.0/opentest4j-1.2.0.jar:/home/pedrocruz/.m2/repository/org/junit/platform/junit-platform-commons/1.8.2/junit-platform-commons-1.8.2.jar:/home/pedrocruz/.m2/repository/org/apiguardian/apiguardian-api/1.1.2/apiguardian-api-1.1.2.jar:/home/pedrocruz/.m2/repository/org/junit/jupiter/junit-jupiter-params/5.8.2/junit-jupiter-params-5.8.2.jar:/home/pedrocruz/.m2/repository/org/junit/jupiter/junit-jupiter-engine/5.8.2/junit-jupiter-engine-5.8.2.jar:/home/pedrocruz/.m2/repository/org/junit/platform/junit-platform-engine/1.8.2/junit-platform-engine-1.8.2.jar:/home/pedrocruz/.m2/repository/org/mockito/mockito-core/4.5.1/mockito-core-4.5.1.jar:/home/pedrocruz/.m2/repository/net/bytebuddy/byte-buddy-agent/1.12.18/byte-buddy-agent-1.12.18.jar:/home/pedrocruz/.m2/repository/org/objenesis/objenesis/3.2/objenesis-3.2.jar:/home/pedrocruz/.m2/repository/org/mockito/mockito-junit-jupiter/4.5.1/mockito-junit-jupiter-4.5.1.jar:/home/pedrocruz/.m2/repository/org/skyscreamer/jsonassert/1.5.1/jsonassert-1.5.1.jar:/home/pedrocruz/.m2/repository/com/vaadin/external/google/android-json/0.0.20131108.vaadin1/android-json-0.0.20131108.vaadin1.jar:/home/pedrocruz/.m2/repository/org/springframework/spring-core/5.3.23/spring-core-5.3.23.jar:/home/pedrocruz/.m2/repository/org/springframework/spring-jcl/5.3.23/spring-jcl-5.3.23.jar:/home/pedrocruz/.m2/repository/org/springframework/spring-test/5.3.23/spring-test-5.3.23.jar:/home/pedrocruz/.m2/repository/org/xmlunit/xmlunit-core/2.9.0/xmlunit-core-2.9.0.jar:/home/pedrocruz/.m2/repository/org/postgresql/postgresql/42.3.7/postgresql-42.3.7.jar:/home/pedrocruz/.m2/repository/org/checkerframework/checker-qual/3.5.0/checker-qual-3.5.0.jar:/home/pedrocruz/.m2/repository/org/testcontainers/postgresql/1.17.3/postgresql-1.17.3.jar:/home/pedrocruz/.m2/repository/org/testcontainers/jdbc/1.17.3/jdbc-1.17.3.jar:/home/pedrocruz/.m2/repository/org/testcontainers/database-commons/1.17.3/database-commons-1.17.3.jar:/home/pedrocruz/.m2/repository/org/testcontainers/testcontainers/1.17.3/testcontainers-1.17.3.jar:/home/pedrocruz/.m2/repository/junit/junit/4.13.2/junit-4.13.2.jar:/home/pedrocruz/.m2/repository/org/hamcrest/hamcrest-core/2.2/hamcrest-core-2.2.jar:/home/pedrocruz/.m2/repository/org/apache/commons/commons-compress/1.21/commons-compress-1.21.jar:/home/pedrocruz/.m2/repository/org/rnorth/duct-tape/duct-tape/1.0.8/duct-tape-1.0.8.jar:/home/pedrocruz/.m2/repository/org/jetbrains/annotations/17.0.0/annotations-17.0.0.jar:/home/pedrocruz/.m2/repository/com/github/docker-java/docker-java-api/3.2.13/docker-java-api-3.2.13.jar:/home/pedrocruz/.m2/repository/com/fasterxml/jackson/core/jackson-annotations/2.13.4/jackson-annotations-2.13.4.jar:/home/pedrocruz/.m2/repository/com/github/docker-java/docker-java-transport-zerodep/3.2.13/docker-java-transport-zerodep-3.2.13.jar:/home/pedrocruz/.m2/repository/com/github/docker-java/docker-java-transport/3.2.13/docker-java-transport-3.2.13.jar:/home/pedrocruz/.m2/repository/net/java/dev/jna/jna/5.8.0/jna-5.8.0.jar:/home/pedrocruz/.m2/repository/org/flywaydb/flyway-core/8.5.13/flyway-core-8.5.13.jar:/home/pedrocruz/.m2/repository/org/projectlombok/lombok/1.18.24/lombok-1.18.24.jar:/home/pedrocruz/.m2/repository/org/mapstruct/mapstruct/1.4.2.Final/mapstruct-1.4.2.Final.jar:"/>
    <property name="java.vm.vendor" value="Oracle Corporation"/>
    <property name="sun.arch.data.model" value="64"/>
    <property name="java.vendor.url" value="https://java.oracle.com/"/>
    <property name="os.name" value="Linux"/>
    <property name="java.vm.specification.version" value="17"/>
    <property name="sun.java.launcher" value="SUN_STANDARD"/>
    <property name="user.country" value="BR"/>
    <property name="sun.boot.library.path" value="/home/pedrocruz/.jabba/jdk/openjdk-ri@1.17.0/lib"/>
    <property name="sun.java.command" value="/home/pedrocruz/git-repo/itau-pix/pix-core/target/surefire/surefirebooter10004640100427994254.jar /home/pedrocruz/git-repo/itau-pix/pix-core/target/surefire 2022-11-07T23-44-31_917-jvmRun1 surefire16719611354889496604tmp surefire_0751885278223234338tmp"/>
    <property name="jdk.debug" value="release"/>
    <property name="surefire.test.class.path" value="/home/pedrocruz/git-repo/itau-pix/pix-core/target/test-classes:/home/pedrocruz/git-repo/itau-pix/pix-core/target/classes:/home/pedrocruz/.m2/repository/org/springframework/boot/spring-boot-starter-data-jpa/2.7.5/spring-boot-starter-data-jpa-2.7.5.jar:/home/pedrocruz/.m2/repository/org/springframework/boot/spring-boot-starter-aop/2.7.5/spring-boot-starter-aop-2.7.5.jar:/home/pedrocruz/.m2/repository/org/springframework/spring-aop/5.3.23/spring-aop-5.3.23.jar:/home/pedrocruz/.m2/repository/org/aspectj/aspectjweaver/1.9.7/aspectjweaver-1.9.7.jar:/home/pedrocruz/.m2/repository/org/springframework/boot/spring-boot-starter-jdbc/2.7.5/spring-boot-starter-jdbc-2.7.5.jar:/home/pedrocruz/.m2/repository/com/zaxxer/HikariCP/4.0.3/HikariCP-4.0.3.jar:/home/pedrocruz/.m2/repository/org/springframework/spring-jdbc/5.3.23/spring-jdbc-5.3.23.jar:/home/pedrocruz/.m2/repository/jakarta/transaction/jakarta.transaction-api/1.3.3/jakarta.transaction-api-1.3.3.jar:/home/pedrocruz/.m2/repository/jakarta/persistence/jakarta.persistence-api/2.2.3/jakarta.persistence-api-2.2.3.jar:/home/pedrocruz/.m2/repository/org/hibernate/hibernate-core/5.6.12.Final/hibernate-core-5.6.12.Final.jar:/home/pedrocruz/.m2/repository/org/jboss/logging/jboss-logging/3.4.3.Final/jboss-logging-3.4.3.Final.jar:/home/pedrocruz/.m2/repository/net/bytebuddy/byte-buddy/1.12.18/byte-buddy-1.12.18.jar:/home/pedrocruz/.m2/repository/antlr/antlr/2.7.7/antlr-2.7.7.jar:/home/pedrocruz/.m2/repository/org/jboss/jandex/2.4.2.Final/jandex-2.4.2.Final.jar:/home/pedrocruz/.m2/repository/com/fasterxml/classmate/1.5.1/classmate-1.5.1.jar:/home/pedrocruz/.m2/repository/org/hibernate/common/hibernate-commons-annotations/5.1.2.Final/hibernate-commons-annotations-5.1.2.Final.jar:/home/pedrocruz/.m2/repository/org/glassfish/jaxb/jaxb-runtime/2.3.7/jaxb-runtime-2.3.7.jar:/home/pedrocruz/.m2/repository/org/glassfish/jaxb/txw2/2.3.7/txw2-2.3.7.jar:/home/pedrocruz/.m2/repository/com/sun/istack/istack-commons-runtime/3.0.12/istack-commons-runtime-3.0.12.jar:/home/pedrocruz/.m2/repository/com/sun/activation/jakarta.activation/1.2.2/jakarta.activation-1.2.2.jar:/home/pedrocruz/.m2/repository/org/springframework/data/spring-data-jpa/2.7.5/spring-data-jpa-2.7.5.jar:/home/pedrocruz/.m2/repository/org/springframework/data/spring-data-commons/2.7.5/spring-data-commons-2.7.5.jar:/home/pedrocruz/.m2/repository/org/springframework/spring-orm/5.3.23/spring-orm-5.3.23.jar:/home/pedrocruz/.m2/repository/org/springframework/spring-context/5.3.23/spring-context-5.3.23.jar:/home/pedrocruz/.m2/repository/org/springframework/spring-expression/5.3.23/spring-expression-5.3.23.jar:/home/pedrocruz/.m2/repository/org/springframework/spring-tx/5.3.23/spring-tx-5.3.23.jar:/home/pedrocruz/.m2/repository/org/springframework/spring-beans/5.3.23/spring-beans-5.3.23.jar:/home/pedrocruz/.m2/repository/org/springframework/spring-aspects/5.3.23/spring-aspects-5.3.23.jar:/home/pedrocruz/.m2/repository/org/springframework/boot/spring-boot-starter-validation/2.7.5/spring-boot-starter-validation-2.7.5.jar:/home/pedrocruz/.m2/repository/org/springframework/boot/spring-boot-starter/2.7.5/spring-boot-starter-2.7.5.jar:/home/pedrocruz/.m2/repository/org/springframework/boot/spring-boot/2.7.5/spring-boot-2.7.5.jar:/home/pedrocruz/.m2/repository/org/springframework/boot/spring-boot-autoconfigure/2.7.5/spring-boot-autoconfigure-2.7.5.jar:/home/pedrocruz/.m2/repository/org/springframework/boot/spring-boot-starter-logging/2.7.5/spring-boot-starter-logging-2.7.5.jar:/home/pedrocruz/.m2/repository/ch/qos/logback/logback-classic/1.2.11/logback-classic-1.2.11.jar:/home/pedrocruz/.m2/repository/ch/qos/logback/logback-core/1.2.11/logback-core-1.2.11.jar:/home/pedrocruz/.m2/repository/org/apache/logging/log4j/log4j-to-slf4j/2.17.2/log4j-to-slf4j-2.17.2.jar:/home/pedrocruz/.m2/repository/org/apache/logging/log4j/log4j-api/2.17.2/log4j-api-2.17.2.jar:/home/pedrocruz/.m2/repository/org/slf4j/jul-to-slf4j/1.7.36/jul-to-slf4j-1.7.36.jar:/home/pedrocruz/.m2/repository/jakarta/annotation/jakarta.annotation-api/1.3.5/jakarta.annotation-api-1.3.5.jar:/home/pedrocruz/.m2/repository/org/yaml/snakeyaml/1.30/snakeyaml-1.30.jar:/home/pedrocruz/.m2/repository/org/apache/tomcat/embed/tomcat-embed-el/9.0.68/tomcat-embed-el-9.0.68.jar:/home/pedrocruz/.m2/repository/org/hibernate/validator/hibernate-validator/6.2.5.Final/hibernate-validator-6.2.5.Final.jar:/home/pedrocruz/.m2/repository/jakarta/validation/jakarta.validation-api/2.0.2/jakarta.validation-api-2.0.2.jar:/home/pedrocruz/.m2/repository/org/springframework/data/spring-data-envers/2.7.5/spring-data-envers-2.7.5.jar:/home/pedrocruz/.m2/repository/org/hibernate/hibernate-envers/5.6.12.Final/hibernate-envers-5.6.12.Final.jar:/home/pedrocruz/.m2/repository/org/dom4j/dom4j/2.1.3/dom4j-2.1.3.jar:/home/pedrocruz/.m2/repository/joda-time/joda-time/2.10.14/joda-time-2.10.14.jar:/home/pedrocruz/.m2/repository/org/slf4j/slf4j-api/1.7.36/slf4j-api-1.7.36.jar:/home/pedrocruz/.m2/repository/org/springframework/boot/spring-boot-starter-test/2.7.5/spring-boot-starter-test-2.7.5.jar:/home/pedrocruz/.m2/repository/org/springframework/boot/spring-boot-test/2.7.5/spring-boot-test-2.7.5.jar:/home/pedrocruz/.m2/repository/org/springframework/boot/spring-boot-test-autoconfigure/2.7.5/spring-boot-test-autoconfigure-2.7.5.jar:/home/pedrocruz/.m2/repository/com/jayway/jsonpath/json-path/2.7.0/json-path-2.7.0.jar:/home/pedrocruz/.m2/repository/net/minidev/json-smart/2.4.8/json-smart-2.4.8.jar:/home/pedrocruz/.m2/repository/net/minidev/accessors-smart/2.4.8/accessors-smart-2.4.8.jar:/home/pedrocruz/.m2/repository/org/ow2/asm/asm/9.1/asm-9.1.jar:/home/pedrocruz/.m2/repository/jakarta/xml/bind/jakarta.xml.bind-api/2.3.3/jakarta.xml.bind-api-2.3.3.jar:/home/pedrocruz/.m2/repository/jakarta/activation/jakarta.activation-api/1.2.2/jakarta.activation-api-1.2.2.jar:/home/pedrocruz/.m2/repository/org/assertj/assertj-core/3.22.0/assertj-core-3.22.0.jar:/home/pedrocruz/.m2/repository/org/hamcrest/hamcrest/2.2/hamcrest-2.2.jar:/home/pedrocruz/.m2/repository/org/junit/jupiter/junit-jupiter/5.8.2/junit-jupiter-5.8.2.jar:/home/pedrocruz/.m2/repository/org/junit/jupiter/junit-jupiter-api/5.8.2/junit-jupiter-api-5.8.2.jar:/home/pedrocruz/.m2/repository/org/opentest4j/opentest4j/1.2.0/opentest4j-1.2.0.jar:/home/pedrocruz/.m2/repository/org/junit/platform/junit-platform-commons/1.8.2/junit-platform-commons-1.8.2.jar:/home/pedrocruz/.m2/repository/org/apiguardian/apiguardian-api/1.1.2/apiguardian-api-1.1.2.jar:/home/pedrocruz/.m2/repository/org/junit/jupiter/junit-jupiter-params/5.8.2/junit-jupiter-params-5.8.2.jar:/home/pedrocruz/.m2/repository/org/junit/jupiter/junit-jupiter-engine/5.8.2/junit-jupiter-engine-5.8.2.jar:/home/pedrocruz/.m2/repository/org/junit/platform/junit-platform-engine/1.8.2/junit-platform-engine-1.8.2.jar:/home/pedrocruz/.m2/repository/org/mockito/mockito-core/4.5.1/mockito-core-4.5.1.jar:/home/pedrocruz/.m2/repository/net/bytebuddy/byte-buddy-agent/1.12.18/byte-buddy-agent-1.12.18.jar:/home/pedrocruz/.m2/repository/org/objenesis/objenesis/3.2/objenesis-3.2.jar:/home/pedrocruz/.m2/repository/org/mockito/mockito-junit-jupiter/4.5.1/mockito-junit-jupiter-4.5.1.jar:/home/pedrocruz/.m2/repository/org/skyscreamer/jsonassert/1.5.1/jsonassert-1.5.1.jar:/home/pedrocruz/.m2/repository/com/vaadin/external/google/android-json/0.0.20131108.vaadin1/android-json-0.0.20131108.vaadin1.jar:/home/pedrocruz/.m2/repository/org/springframework/spring-core/5.3.23/spring-core-5.3.23.jar:/home/pedrocruz/.m2/repository/org/springframework/spring-jcl/5.3.23/spring-jcl-5.3.23.jar:/home/pedrocruz/.m2/repository/org/springframework/spring-test/5.3.23/spring-test-5.3.23.jar:/home/pedrocruz/.m2/repository/org/xmlunit/xmlunit-core/2.9.0/xmlunit-core-2.9.0.jar:/home/pedrocruz/.m2/repository/org/postgresql/postgresql/42.3.7/postgresql-42.3.7.jar:/home/pedrocruz/.m2/repository/org/checkerframework/checker-qual/3.5.0/checker-qual-3.5.0.jar:/home/pedrocruz/.m2/repository/org/testcontainers/postgresql/1.17.3/postgresql-1.17.3.jar:/home/pedrocruz/.m2/repository/org/testcontainers/jdbc/1.17.3/jdbc-1.17.3.jar:/home/pedrocruz/.m2/repository/org/testcontainers/database-commons/1.17.3/database-commons-1.17.3.jar:/home/pedrocruz/.m2/repository/org/testcontainers/testcontainers/1.17.3/testcontainers-1.17.3.jar:/home/pedrocruz/.m2/repository/junit/junit/4.13.2/junit-4.13.2.jar:/home/pedrocruz/.m2/repository/org/hamcrest/hamcrest-core/2.2/hamcrest-core-2.2.jar:/home/pedrocruz/.m2/repository/org/apache/commons/commons-compress/1.21/commons-compress-1.21.jar:/home/pedrocruz/.m2/repository/org/rnorth/duct-tape/duct-tape/1.0.8/duct-tape-1.0.8.jar:/home/pedrocruz/.m2/repository/org/jetbrains/annotations/17.0.0/annotations-17.0.0.jar:/home/pedrocruz/.m2/repository/com/github/docker-java/docker-java-api/3.2.13/docker-java-api-3.2.13.jar:/home/pedrocruz/.m2/repository/com/fasterxml/jackson/core/jackson-annotations/2.13.4/jackson-annotations-2.13.4.jar:/home/pedrocruz/.m2/repository/com/github/docker-java/docker-java-transport-zerodep/3.2.13/docker-java-transport-zerodep-3.2.13.jar:/home/pedrocruz/.m2/repository/com/github/docker-java/docker-java-transport/3.2.13/docker-java-transport-3.2.13.jar:/home/pedrocruz/.m2/repository/net/java/dev/jna/jna/5.8.0/jna-5.8.0.jar:/home/pedrocruz/.m2/repository/org/flywaydb/flyway-core/8.5.13/flyway-core-8.5.13.jar:/home/pedrocruz/.m2/repository/org/projectlombok/lombok/1.18.24/lombok-1.18.24.jar:/home/pedrocruz/.m2/repository/org/mapstruct/mapstruct/1.4.2.Final/mapstruct-1.4.2.Final.jar:"/>
    <property name="sun.cpu.endian" value="little"/>
    <property name="user.home" value="/home/pedrocruz"/>
    <property name="user.language" value="pt"/>
    <property name="java.specification.vendor" value="Oracle Corporation"/>
    <property name="java.version.date" value="2021-09-14"/>
    <property name="java.home" value="/home/pedrocruz/.jabba/jdk/openjdk-ri@1.17.0"/>
    <property name="file.separator" value="/"/>
    <property name="basedir" value="/home/pedrocruz/git-repo/itau-pix/pix-core"/>
    <property name="java.vm.compressedOopsMode" value="Zero based"/>
    <property name="line.separator" value="&#10;"/>
    <property name="java.vm.specification.vendor" value="Oracle Corporation"/>
    <property name="java.specification.name" value="Java Platform API Specification"/>
    <property name="surefire.real.class.path" value="/home/pedrocruz/git-repo/itau-pix/pix-core/target/surefire/surefirebooter10004640100427994254.jar"/>
    <property name="sun.management.compiler" value="HotSpot 64-Bit Tiered Compilers"/>
    <property name="java.runtime.version" value="17+35-2724"/>
    <property name="user.name" value="pedrocruz"/>
    <property name="path.separator" value=":"/>
    <property name="os.version" value="5.15.11-76051511-generic"/>
    <property name="java.runtime.name" value="OpenJDK Runtime Environment"/>
    <property name="file.encoding" value="UTF-8"/>
    <property name="java.vm.name" value="OpenJDK 64-Bit Server VM"/>
    <property name="localRepository" value="/home/pedrocruz/.m2/repository"/>
    <property name="java.vendor.url.bug" value="https://bugreport.java.com/bugreport/"/>
    <property name="java.io.tmpdir" value="/tmp"/>
    <property name="idea.version" value="2022.2"/>
    <property name="java.version" value="17"/>
    <property name="user.dir" value="/home/pedrocruz/git-repo/itau-pix/pix-core"/>
    <property name="os.arch" value="amd64"/>
    <property name="java.vm.specification.name" value="Java Virtual Machine Specification"/>
    <property name="native.encoding" value="UTF-8"/>
    <property name="java.library.path" value="/usr/java/packages/lib:/usr/lib64:/lib64:/lib:/usr/lib"/>
    <property name="java.vm.info" value="mixed mode, sharing"/>
    <property name="java.vendor" value="Oracle Corporation"/>
    <property name="java.vm.version" value="17+35-2724"/>
    <property name="sun.io.unicode.encoding" value="UnicodeLittle"/>
    <property name="java.class.version" value="61.0"/>
  </properties>
  <testcase name="shouldValid" classname="com.itau.pix.dto.CpfDtoTest" time="0.011"/>
  <testcase name="shouldInvalid" classname="com.itau.pix.dto.CpfDtoTest" time="0.01"/>
</testsuite>